<?xml version="1.0" encoding="utf-8"?><testsuites name="pytest tests"><testsuite name="pytest" errors="0" failures="0" skipped="0" tests="21" time="5.898" timestamp="2026-06-14T07:30:11.361328+00:00" hostname="agent-env-892d4eb2-ac44-4367-a80f-1a52e992e6d7"><testcase classname="backend.tests.test_dossiers_ext.TestAuthGuard" name="test_export_requires_auth" time="0.159" /><testcase classname="backend.tests.test_dossiers_ext.TestAuthGuard" name="test_pdf_requires_auth" time="0.091" /><testcase classname="backend.tests.test_dossiers_ext.TestAuthGuard" name="test_extract_requires_auth" time="0.144" /><testcase classname="backend.tests.test_dossiers_ext.TestAuthGuard" name="test_extract_and_fill_requires_auth" time="0.098" /><testcase classname="backend.tests.test_dossiers_ext.TestExportEdof" name="test_export_xlsx_all" time="0.383" /><testcase classname="backend.tests.test_dossiers_ext.TestExportEdof" name="test_export_csv_has_bom_and_semicolon" time="0.047" /><testcase classname="backend.tests.test_dossiers_ext.TestExportEdof" name="test_export_scope_active_excludes_regle" time="0.089" /><testcase classname="backend.tests.test_dossiers_ext.TestExportEdof" name="test_invalid_format_422" time="0.048" /><testcase classname="backend.tests.test_dossiers_ext.TestExportEdof" name="test_invalid_scope_422" time="0.044" /><testcase classname="backend.tests.test_dossiers_ext.TestDossierPdf" name="test_pdf_404_unknown" time="0.047" /><testcase classname="backend.tests.test_dossiers_ext.TestDossierPdf" name="test_pdf_valid_for_existing" time="0.165" /><testcase classname="backend.tests.test_dossiers_ext.TestExtractPdf" name="test_extract_pdf_success" time="2.200" /><testcase classname="backend.tests.test_dossiers_ext.TestExtractPdf" name="test_extract_pdf_too_big" time="0.516" /><testcase classname="backend.tests.test_dossiers_ext.TestExtractPdf" name="test_extract_pdf_invalid_format" time="0.049" /><testcase classname="backend.tests.test_dossiers_ext.TestExtractPdf" name="test_extract_and_fill_404" time="0.050" /><testcase classname="backend.tests.test_dossiers_ext.TestExtractPdf" name="test_extract_and_fill_applies_only_empty_fields" time="1.057" /><testcase classname="backend.tests.test_dossiers_ext.TestRegression" name="test_active_dossiers" time="0.050" /><testcase classname="backend.tests.test_dossiers_ext.TestRegression" name="test_sessions" time="0.047" /><testcase classname="backend.tests.test_dossiers_ext.TestRegression" name="test_formateurs" time="0.048" /><testcase classname="backend.tests.test_dossiers_ext.TestRegression" name="test_clear_endpoint_still_exists" time="0.050" /><testcase classname="backend.tests.test_dossiers_ext.TestRegression" name="test_import_edof_endpoint_exists" time="0.095" /></testsuite></testsuites>