<?xml version="1.0" encoding="utf-8"?><testsuites name="pytest tests"><testsuite name="pytest" errors="0" failures="0" skipped="0" tests="26" time="4.297" timestamp="2026-06-13T15:38:14.583711+00:00" hostname="agent-env-892d4eb2-ac44-4367-a80f-1a52e992e6d7"><testcase classname="backend.tests.test_dossiers.TestApiRoot" name="test_root" time="0.342" /><testcase classname="backend.tests.test_dossiers.TestRegression" name="test_existing_endpoints_still_work[sessions]" time="0.413" /><testcase classname="backend.tests.test_dossiers.TestRegression" name="test_existing_endpoints_still_work[apprenants]" time="0.056" /><testcase classname="backend.tests.test_dossiers.TestRegression" name="test_existing_endpoints_still_work[formateurs]" time="0.043" /><testcase classname="backend.tests.test_dossiers.TestRegression" name="test_existing_endpoints_still_work[entreprises]" time="0.046" /><testcase classname="backend.tests.test_dossiers.TestRegression" name="test_existing_endpoints_still_work[financeurs]" time="0.048" /><testcase classname="backend.tests.test_dossiers.TestRegression" name="test_existing_endpoints_still_work[lieux]" time="0.045" /><testcase classname="backend.tests.test_dossiers.TestDossierAuth" name="test_active_requires_auth" time="0.106" /><testcase classname="backend.tests.test_dossiers.TestDossierAuth" name="test_closed_requires_auth" time="0.138" /><testcase classname="backend.tests.test_dossiers.TestDossierAuth" name="test_create_requires_auth" time="0.133" /><testcase classname="backend.tests.test_dossiers.TestDossierCreate" name="test_create_minimal" time="0.141" /><testcase classname="backend.tests.test_dossiers.TestDossierCreate" name="test_create_with_formateur" time="0.138" /><testcase classname="backend.tests.test_dossiers.TestDossierCreate" name="test_create_invalid_financeur_type" time="0.046" /><testcase classname="backend.tests.test_dossiers.TestDossierCreate" name="test_create_missing_required" time="0.045" /><testcase classname="backend.tests.test_dossiers.TestDossierWorkflow" name="test_full_workflow" time="0.532" /><testcase classname="backend.tests.test_dossiers.TestDossierWorkflow" name="test_invalid_status_value" time="0.181" /><testcase classname="backend.tests.test_dossiers.TestDossierWorkflow" name="test_status_404" time="0.044" /><testcase classname="backend.tests.test_dossiers.TestDossierUpdate" name="test_partial_update" time="0.189" /><testcase classname="backend.tests.test_dossiers.TestClosedSearch" name="test_search_by_nom" time="0.266" /><testcase classname="backend.tests.test_dossiers.TestClosedSearch" name="test_search_case_insensitive" time="0.044" /><testcase classname="backend.tests.test_dossiers.TestClosedSearch" name="test_search_by_financeur_nom" time="0.047" /><testcase classname="backend.tests.test_dossiers.TestClosedSearch" name="test_search_by_formation" time="0.086" /><testcase classname="backend.tests.test_dossiers.TestClosedSearch" name="test_search_no_match" time="0.097" /><testcase classname="backend.tests.test_dossiers.TestDocuments" name="test_upload_list_download_delete" time="0.387" /><testcase classname="backend.tests.test_dossiers.TestDocuments" name="test_upload_invalid_type" time="0.134" /><testcase classname="backend.tests.test_dossiers.TestDocuments" name="test_delete_dossier_cascades_documents" time="0.237" /></testsuite></testsuites>