<?xml version="1.0" encoding="utf-8"?><testsuites name="pytest tests"><testsuite name="pytest" errors="0" failures="1" skipped="0" tests="9" time="3.540" timestamp="2026-06-13T16:23:29.337687+00:00" hostname="agent-env-892d4eb2-ac44-4367-a80f-1a52e992e6d7"><testcase classname="backend.tests.test_edof_clear.TestSeededFormateurs" name="test_three_required_formateurs_present" time="0.580" /><testcase classname="backend.tests.test_edof_clear.TestAdminAuthRequired" name="test_clear_requires_auth" time="0.134" /><testcase classname="backend.tests.test_edof_clear.TestAdminAuthRequired" name="test_import_requires_auth" time="0.166" /><testcase classname="backend.tests.test_edof_clear.TestClearScopes" name="test_clear_all_then_import_then_scope_active" time="0.924" /><testcase classname="backend.tests.test_edof_clear.TestImportValidation" name="test_invalid_default_formateur" time="0.053" /><testcase classname="backend.tests.test_edof_clear.TestImportValidation" name="test_file_too_large" time="0.022"><failure message="AssertionError: assert 6000011 &gt; ((15 * 1024) * 1024)&#10; +  where 6000011 = len(b'Nom;Prenom\nA;B\nA;B\nA;B\nA;B\nA;B\nA;B\nA;B\nA;B\nA;B\nA;B\nA;B\nA;B\nA;B\nA;B\nA;B\nA;B\nA;B\nA;B\nA;B\nA;B\nA;B\nA;B\nA;B\nA;B\nA;B\nA;B\nA;B\nA;B\nA;B\nA;B\nA;B\nA;B\nA;B\nA;B\nA;B\nA;B\nA;B\nA;B\nA;B\nA;B\nA;B\nA;B\nA;B\nA;B\nA;B\nA;B\nA;B\nA;B\nA;B\nA;B\nA;B\nA;B\nA;B\nA;B\nA;B\nA;B\nA;B\nA;B\nA;B\nA;B\nA;B\nA;B\nA;B\nA;B\nA;B\nA;B\nA;B\nA;B\nA;B\nA;B\nA;B\nA;B\nA;B\nA;B\nA;B\nA;B\nA;B\nA;B\nA;B\nA;B\nA;B\nA;B\nA;B\nA;B\nA;B\nA;B\nA;B\nA;B\nA;B\nA;B\nA;B\nA;B\nA;B\nA;B\nA;B\nA;B\nA;B\nA;B\nA;B\nA;B\nA;B\nA;B\nA;B\nA;B\nA;B\nA;B\nA;B\nA;B\nA;B\nA;B\nA;B\nA;B\nA;B\nA;B\nA;B\nA;B\nA;B\nA;B\nA;B\nA;B\nA;B\nA;B\nA;B\nA;B\nA;B\nA;B\nA;B\nA;B\nA;B\nA;B\nA;B\nA;B\nA;B\nA;B\nA;B\nA;B\nA;B\nA;B\nA;B\nA;B\nA;B\nA;B\nA;B\nA;B\nA;B\nA;B\nA;B\nA;B\nA;B\nA;B\nA;B\nA;B\nA;B\nA;B\nA;B\nA;B\nA;B\nA;B\nA;B\nA;B\nA;B\nA;B\nA;B\nA;B\nA;B\nA;B\nA;B\nA;B\nA;B\nA;B\nA;B\nA;B\nA;B\nA;B\nA;B\nA;B\nA;B\nA;B\nA;B\nA;B\nA;B\nA;B\nA;B\nA;B\nA;B\nA;B\nA;B\nA;B\nA;B\nA;B\nA;B\nA;B\nA;B\nA;B\nA;B\nA;B\nA;B\nA;B\nA;B\nA;B\nA;B\nA;B\nA;B\nA;B\nA;B\nA;B\nA;B\nA;B\nA;B\nA;B\nA;B\nA;B\nA;B\nA;B\nA;B\nA;B\nA;B\nA;B\nA;B\nA;B\nA;B\nA;B\nA;B\nA;B\nA;B\nA;B\nA;B\nA;B\nA;B\nA;B\nA;B\nA;B\nA;B\nA;B\nA;B\nA;B\nA;B\...B\nA;B\nA;B\nA;B\nA;B\nA;B\nA;B\nA;B\nA;B\nA;B\nA;B\nA;B\nA;B\nA;B\nA;B\nA;B\nA;B\nA;B\nA;B\nA;B\nA;B\nA;B\nA;B\nA;B\nA;B\nA;B\nA;B\nA;B\nA;B\nA;B\nA;B\nA;B\nA;B\nA;B\nA;B\nA;B\nA;B\nA;B\nA;B\nA;B\nA;B\nA;B\nA;B\nA;B\nA;B\nA;B\nA;B\nA;B\nA;B\nA;B\nA;B\nA;B\nA;B\nA;B\nA;B\nA;B\nA;B\nA;B\nA;B\nA;B\nA;B\nA;B\nA;B\nA;B\nA;B\nA;B\nA;B\nA;B\nA;B\nA;B\nA;B\nA;B\nA;B\nA;B\nA;B\nA;B\nA;B\nA;B\nA;B\nA;B\nA;B\nA;B\nA;B\nA;B\nA;B\nA;B\nA;B\nA;B\nA;B\nA;B\nA;B\nA;B\nA;B\nA;B\nA;B\nA;B\nA;B\nA;B\nA;B\nA;B\nA;B\nA;B\nA;B\nA;B\nA;B\nA;B\nA;B\nA;B\nA;B\nA;B\nA;B\nA;B\nA;B\nA;B\nA;B\nA;B\nA;B\nA;B\nA;B\nA;B\nA;B\nA;B\nA;B\nA;B\nA;B\nA;B\nA;B\nA;B\nA;B\nA;B\nA;B\nA;B\nA;B\nA;B\nA;B\nA;B\nA;B\nA;B\nA;B\nA;B\nA;B\nA;B\nA;B\nA;B\nA;B\nA;B\nA;B\nA;B\nA;B\nA;B\nA;B\nA;B\nA;B\nA;B\nA;B\nA;B\nA;B\nA;B\nA;B\nA;B\nA;B\nA;B\nA;B\nA;B\nA;B\nA;B\nA;B\nA;B\nA;B\nA;B\nA;B\nA;B\nA;B\nA;B\nA;B\nA;B\nA;B\nA;B\nA;B\nA;B\nA;B\nA;B\nA;B\nA;B\nA;B\nA;B\nA;B\nA;B\nA;B\nA;B\nA;B\nA;B\nA;B\nA;B\nA;B\nA;B\nA;B\nA;B\nA;B\nA;B\nA;B\nA;B\nA;B\nA;B\nA;B\nA;B\nA;B\nA;B\nA;B\nA;B\nA;B\nA;B\nA;B\nA;B\nA;B\nA;B\nA;B\nA;B\nA;B\nA;B\nA;B\nA;B\nA;B\nA;B\nA;B\nA;B\nA;B\nA;B\nA;B\nA;B\nA;B\nA;B\nA;B\nA;B\nA;B\nA;B\nA;B\nA;B\nA;B\nA;B\n')">backend/tests/test_edof_clear.py:156: in test_file_too_large
    assert len(big) &gt; 15 * 1024 * 1024
E   AssertionError: assert 6000011 &gt; ((15 * 1024) * 1024)
E    +  where 6000011 = len(b'Nom;Prenom\nA;B\nA;B\nA;B\nA;B\nA;B\nA;B\nA;B\nA;B\nA;B\nA;B\nA;B\nA;B\nA;B\nA;B\nA;B\nA;B\nA;B\nA;B\nA;B\nA;B\nA;B\nA;B\nA;B\nA;B\nA;B\nA;B\nA;B\nA;B\nA;B\nA;B\nA;B\nA;B\nA;B\nA;B\nA;B\nA;B\nA;B\nA;B\nA;B\nA;B\nA;B\nA;B\nA;B\nA;B\nA;B\nA;B\nA;B\nA;B\nA;B\nA;B\nA;B\nA;B\nA;B\nA;B\nA;B\nA;B\nA;B\nA;B\nA;B\nA;B\nA;B\nA;B\nA;B\nA;B\nA;B\nA;B\nA;B\nA;B\nA;B\nA;B\nA;B\nA;B\nA;B\nA;B\nA;B\nA;B\nA;B\nA;B\nA;B\nA;B\nA;B\nA;B\nA;B\nA;B\nA;B\nA;B\nA;B\nA;B\nA;B\nA;B\nA;B\nA;B\nA;B\nA;B\nA;B\nA;B\nA;B\nA;B\nA;B\nA;B\nA;B\nA;B\nA;B\nA;B\nA;B\nA;B\nA;B\nA;B\nA;B\nA;B\nA;B\nA;B\nA;B\nA;B\nA;B\nA;B\nA;B\nA;B\nA;B\nA;B\nA;B\nA;B\nA;B\nA;B\nA;B\nA;B\nA;B\nA;B\nA;B\nA;B\nA;B\nA;B\nA;B\nA;B\nA;B\nA;B\nA;B\nA;B\nA;B\nA;B\nA;B\nA;B\nA;B\nA;B\nA;B\nA;B\nA;B\nA;B\nA;B\nA;B\nA;B\nA;B\nA;B\nA;B\nA;B\nA;B\nA;B\nA;B\nA;B\nA;B\nA;B\nA;B\nA;B\nA;B\nA;B\nA;B\nA;B\nA;B\nA;B\nA;B\nA;B\nA;B\nA;B\nA;B\nA;B\nA;B\nA;B\nA;B\nA;B\nA;B\nA;B\nA;B\nA;B\nA;B\nA;B\nA;B\nA;B\nA;B\nA;B\nA;B\nA;B\nA;B\nA;B\nA;B\nA;B\nA;B\nA;B\nA;B\nA;B\nA;B\nA;B\nA;B\nA;B\nA;B\nA;B\nA;B\nA;B\nA;B\nA;B\nA;B\nA;B\nA;B\nA;B\nA;B\nA;B\nA;B\nA;B\nA;B\nA;B\nA;B\nA;B\nA;B\nA;B\nA;B\nA;B\nA;B\nA;B\nA;B\nA;B\nA;B\nA;B\nA;B\nA;B\nA;B\nA;B\nA;B\nA;B\...B\nA;B\nA;B\nA;B\nA;B\nA;B\nA;B\nA;B\nA;B\nA;B\nA;B\nA;B\nA;B\nA;B\nA;B\nA;B\nA;B\nA;B\nA;B\nA;B\nA;B\nA;B\nA;B\nA;B\nA;B\nA;B\nA;B\nA;B\nA;B\nA;B\nA;B\nA;B\nA;B\nA;B\nA;B\nA;B\nA;B\nA;B\nA;B\nA;B\nA;B\nA;B\nA;B\nA;B\nA;B\nA;B\nA;B\nA;B\nA;B\nA;B\nA;B\nA;B\nA;B\nA;B\nA;B\nA;B\nA;B\nA;B\nA;B\nA;B\nA;B\nA;B\nA;B\nA;B\nA;B\nA;B\nA;B\nA;B\nA;B\nA;B\nA;B\nA;B\nA;B\nA;B\nA;B\nA;B\nA;B\nA;B\nA;B\nA;B\nA;B\nA;B\nA;B\nA;B\nA;B\nA;B\nA;B\nA;B\nA;B\nA;B\nA;B\nA;B\nA;B\nA;B\nA;B\nA;B\nA;B\nA;B\nA;B\nA;B\nA;B\nA;B\nA;B\nA;B\nA;B\nA;B\nA;B\nA;B\nA;B\nA;B\nA;B\nA;B\nA;B\nA;B\nA;B\nA;B\nA;B\nA;B\nA;B\nA;B\nA;B\nA;B\nA;B\nA;B\nA;B\nA;B\nA;B\nA;B\nA;B\nA;B\nA;B\nA;B\nA;B\nA;B\nA;B\nA;B\nA;B\nA;B\nA;B\nA;B\nA;B\nA;B\nA;B\nA;B\nA;B\nA;B\nA;B\nA;B\nA;B\nA;B\nA;B\nA;B\nA;B\nA;B\nA;B\nA;B\nA;B\nA;B\nA;B\nA;B\nA;B\nA;B\nA;B\nA;B\nA;B\nA;B\nA;B\nA;B\nA;B\nA;B\nA;B\nA;B\nA;B\nA;B\nA;B\nA;B\nA;B\nA;B\nA;B\nA;B\nA;B\nA;B\nA;B\nA;B\nA;B\nA;B\nA;B\nA;B\nA;B\nA;B\nA;B\nA;B\nA;B\nA;B\nA;B\nA;B\nA;B\nA;B\nA;B\nA;B\nA;B\nA;B\nA;B\nA;B\nA;B\nA;B\nA;B\nA;B\nA;B\nA;B\nA;B\nA;B\nA;B\nA;B\nA;B\nA;B\nA;B\nA;B\nA;B\nA;B\nA;B\nA;B\nA;B\nA;B\nA;B\nA;B\nA;B\nA;B\nA;B\nA;B\nA;B\nA;B\nA;B\nA;B\nA;B\nA;B\nA;B\nA;B\nA;B\nA;B\n')</failure></testcase><testcase classname="backend.tests.test_edof_clear.TestImportValidation" name="test_missing_nom_prenom_columns" time="0.049" /><testcase classname="backend.tests.test_edof_clear.TestImportValidation" name="test_rows_without_nom_or_prenom_skipped" time="0.153" /><testcase classname="backend.tests.test_edof_clear.TestImportXlsx" name="test_import_xlsx" time="1.141" /></testsuite></testsuites>