<?xml version="1.0" encoding="utf-8"?><testsuites name="pytest tests"><testsuite name="pytest" errors="0" failures="16" skipped="2" tests="92" time="17.437" timestamp="2026-06-14T07:30:29.294747+00:00" hostname="agent-env-892d4eb2-ac44-4367-a80f-1a52e992e6d7"><testcase classname="backend.tests.test_blade_academy.TestAuth" name="test_login_success" time="0.348" /><testcase classname="backend.tests.test_blade_academy.TestAuth" name="test_login_invalid" time="0.324" /><testcase classname="backend.tests.test_blade_academy.TestAuth" name="test_me" time="0.363" /><testcase classname="backend.tests.test_blade_academy.TestAuth" name="test_me_unauth" time="0.102" /><testcase classname="backend.tests.test_blade_academy" name="test_crud_full_cycle[apprenants-payload0]" time="0.399" /><testcase classname="backend.tests.test_blade_academy" name="test_crud_full_cycle[formateurs-payload1]" time="0.372" /><testcase classname="backend.tests.test_blade_academy" name="test_crud_full_cycle[entreprises-payload2]" time="0.344" /><testcase classname="backend.tests.test_blade_academy" name="test_crud_full_cycle[financeurs-payload3]" time="0.388" /><testcase classname="backend.tests.test_blade_academy" name="test_crud_full_cycle[lieux-payload4]" time="0.409" /><testcase classname="backend.tests.test_blade_academy.TestSessions" name="test_sessions_crud_and_status" time="0.253" /><testcase classname="backend.tests.test_blade_academy.TestDashboard" name="test_stats" time="0.044" /><testcase classname="backend.tests.test_blade_academy.TestFacturesCPF" name="test_list" time="0.042"><failure message="AssertionError: Expected ~237 factures, got 0&#10;assert 0 &gt;= 200&#10; +  where 0 = len([])">backend/tests/test_blade_academy.py:149: in test_list
    assert len(items) &gt;= 200, f"Expected ~237 factures, got {len(items)}"
E   AssertionError: Expected ~237 factures, got 0
E   assert 0 &gt;= 200
E    +  where 0 = len([])</failure></testcase><testcase classname="backend.tests.test_blade_academy.TestFacturesCPF" name="test_stats" time="0.040"><failure message="assert 0 &gt;= 200">backend/tests/test_blade_academy.py:157: in test_stats
    assert d["nb_factures"] &gt;= 200
E   assert 0 &gt;= 200</failure></testcase><testcase classname="backend.tests.test_blade_academy.TestEdofGroupement" name="test_preview_mapping" time="0.045" /><testcase classname="backend.tests.test_blade_academy.TestEdofGroupement" name="test_commit_groupement_mois" time="0.047"><failure message="AssertionError: Expected 2 monthly sessions, got {'apprenants_crees': 5, 'apprenants_existants': 0, 'sessions_creees': 0, 'sessions_maj': 0, 'lignes_ignorees': []}&#10;assert 0 == 2">backend/tests/test_blade_academy.py:208: in test_commit_groupement_mois
    assert stats["sessions_creees"] == 2, f"Expected 2 monthly sessions, got {stats}"
E   AssertionError: Expected 2 monthly sessions, got {'apprenants_crees': 5, 'apprenants_existants': 0, 'sessions_creees': 0, 'sessions_maj': 0, 'lignes_ignorees': []}
E   assert 0 == 2</failure></testcase><testcase classname="backend.tests.test_blade_academy.TestEdofGroupement" name="test_commit_groupement_exact" time="0.041"><failure message="AssertionError: Expected 4 exact sessions, got {'apprenants_crees': 0, 'apprenants_existants': 5, 'sessions_creees': 0, 'sessions_maj': 0, 'lignes_ignorees': []}&#10;assert 0 == 4">backend/tests/test_blade_academy.py:234: in test_commit_groupement_exact
    assert stats["sessions_creees"] == 4, f"Expected 4 exact sessions, got {stats}"
E   AssertionError: Expected 4 exact sessions, got {'apprenants_crees': 0, 'apprenants_existants': 5, 'sessions_creees': 0, 'sessions_maj': 0, 'lignes_ignorees': []}
E   assert 0 == 4</failure></testcase><testcase classname="backend.tests.test_blade_academy" name="test_pdf_generation[convention]" time="0.092"><failure message="AssertionError: Internal Server Error&#10;assert 500 == 200&#10; +  where 500 = &lt;Response [500]&gt;.status_code">backend/tests/test_blade_academy.py:265: in test_pdf_generation
    assert r.status_code == 200, r.text
E   AssertionError: Internal Server Error
E   assert 500 == 200
E    +  where 500 = &lt;Response [500]&gt;.status_code</failure></testcase><testcase classname="backend.tests.test_blade_academy" name="test_pdf_generation[contrat]" time="0.040"><failure message="AssertionError: Internal Server Error&#10;assert 500 == 200&#10; +  where 500 = &lt;Response [500]&gt;.status_code">backend/tests/test_blade_academy.py:265: in test_pdf_generation
    assert r.status_code == 200, r.text
E   AssertionError: Internal Server Error
E   assert 500 == 200
E    +  where 500 = &lt;Response [500]&gt;.status_code</failure></testcase><testcase classname="backend.tests.test_blade_academy" name="test_pdf_generation[convocation]" time="0.043"><failure message="AssertionError: Internal Server Error&#10;assert 500 == 200&#10; +  where 500 = &lt;Response [500]&gt;.status_code">backend/tests/test_blade_academy.py:265: in test_pdf_generation
    assert r.status_code == 200, r.text
E   AssertionError: Internal Server Error
E   assert 500 == 200
E    +  where 500 = &lt;Response [500]&gt;.status_code</failure></testcase><testcase classname="backend.tests.test_blade_academy" name="test_pdf_generation[attestation]" time="0.066"><failure message="AssertionError: Internal Server Error&#10;assert 500 == 200&#10; +  where 500 = &lt;Response [500]&gt;.status_code">backend/tests/test_blade_academy.py:265: in test_pdf_generation
    assert r.status_code == 200, r.text
E   AssertionError: Internal Server Error
E   assert 500 == 200
E    +  where 500 = &lt;Response [500]&gt;.status_code</failure></testcase><testcase classname="backend.tests.test_blade_academy" name="test_pdf_generation[facture]" time="0.051"><failure message="AssertionError: Internal Server Error&#10;assert 500 == 200&#10; +  where 500 = &lt;Response [500]&gt;.status_code">backend/tests/test_blade_academy.py:265: in test_pdf_generation
    assert r.status_code == 200, r.text
E   AssertionError: Internal Server Error
E   assert 500 == 200
E    +  where 500 = &lt;Response [500]&gt;.status_code</failure></testcase><testcase classname="backend.tests.test_blade_academy" name="test_pdf_generation[emargement]" time="0.043"><failure message="AssertionError: Internal Server Error&#10;assert 500 == 200&#10; +  where 500 = &lt;Response [500]&gt;.status_code">backend/tests/test_blade_academy.py:265: in test_pdf_generation
    assert r.status_code == 200, r.text
E   AssertionError: Internal Server Error
E   assert 500 == 200
E    +  where 500 = &lt;Response [500]&gt;.status_code</failure></testcase><testcase classname="backend.tests.test_blade_academy" name="test_pdf_generation[programme]" time="0.045"><failure message="AssertionError: Internal Server Error&#10;assert 500 == 200&#10; +  where 500 = &lt;Response [500]&gt;.status_code">backend/tests/test_blade_academy.py:265: in test_pdf_generation
    assert r.status_code == 200, r.text
E   AssertionError: Internal Server Error
E   assert 500 == 200
E    +  where 500 = &lt;Response [500]&gt;.status_code</failure></testcase><testcase classname="backend.tests.test_blade_academy" name="test_pdf_generation[evaluation]" time="0.244"><failure message="AssertionError: Internal Server Error&#10;assert 500 == 200&#10; +  where 500 = &lt;Response [500]&gt;.status_code">backend/tests/test_blade_academy.py:265: in test_pdf_generation
    assert r.status_code == 200, r.text
E   AssertionError: Internal Server Error
E   assert 500 == 200
E    +  where 500 = &lt;Response [500]&gt;.status_code</failure></testcase><testcase classname="backend.tests.test_blade_academy.TestClasserAndDocs" name="test_classer_and_apprenant_docs" time="0.141"><skipped type="pytest.skip" message="Classer failed (storage?): 500 Internal Server Error">/app/backend/tests/test_blade_academy.py:288: Classer failed (storage?): 500 Internal Server Error</skipped></testcase><testcase classname="backend.tests.test_blade_academy.TestClasserAndDocs" name="test_upload_apprenant_doc" time="0.434" /><testcase classname="backend.tests.test_blade_academy.TestFusion" name="test_fusion_doublons" time="0.371" /><testcase classname="backend.tests.test_blade_academy.TestQualiteParametres" name="test_doublons_endpoint" time="0.041" /><testcase classname="backend.tests.test_blade_academy.TestQualiteParametres" name="test_parametres_organisme" time="0.201" /><testcase classname="backend.tests.test_blade_academy.TestQualiteParametres" name="test_purge_demo_idempotent" time="0.066" /><testcase classname="backend.tests.test_blade_academy.TestCpfReImport" name="test_reimport_no_new_creates" time="0.041"><skipped type="pytest.skip" message="No CPF factures in DB">/app/backend/tests/test_blade_academy.py:383: No CPF factures in DB</skipped></testcase><testcase classname="backend.tests.test_blade_academy.TestGenererSessionsDepuisFacturesCPF" name="test_endpoint_exists_and_creates_or_updates_sessions" time="0.043"><failure message="AssertionError: {&quot;detail&quot;:&quot;Aucune facture CPF avec date d'émission disponible&quot;}&#10;assert 400 == 200&#10; +  where 400 = &lt;Response [400]&gt;.status_code">backend/tests/test_blade_academy.py:407: in test_endpoint_exists_and_creates_or_updates_sessions
    assert r.status_code == 200, r.text
E   AssertionError: {"detail":"Aucune facture CPF avec date d'émission disponible"}
E   assert 400 == 200
E    +  where 400 = &lt;Response [400]&gt;.status_code</failure></testcase><testcase classname="backend.tests.test_blade_academy.TestGenererSessionsDepuisFacturesCPF" name="test_idempotent_second_run" time="0.043"><failure message="AssertionError: {&quot;detail&quot;:&quot;Aucune facture CPF avec date d'émission disponible&quot;}&#10;assert 400 == 200&#10; +  where 400 = &lt;Response [400]&gt;.status_code">backend/tests/test_blade_academy.py:421: in test_idempotent_second_run
    assert r.status_code == 200, r.text
E   AssertionError: {"detail":"Aucune facture CPF avec date d'émission disponible"}
E   assert 400 == 200
E    +  where 400 = &lt;Response [400]&gt;.status_code</failure></testcase><testcase classname="backend.tests.test_blade_academy.TestGenererSessionsDepuisFacturesCPF" name="test_sessions_persisted_with_correct_attributes" time="0.046"><failure message="AssertionError: Expected 8 CPF sessions, got 0&#10;assert 0 == 8&#10; +  where 0 = len([])">backend/tests/test_blade_academy.py:431: in test_sessions_persisted_with_correct_attributes
    assert len(cpf_sessions) == 8, f"Expected 8 CPF sessions, got {len(cpf_sessions)}"
E   AssertionError: Expected 8 CPF sessions, got 0
E   assert 0 == 8
E    +  where 0 = len([])</failure></testcase><testcase classname="backend.tests.test_blade_academy.TestGenererSessionsDepuisFacturesCPF" name="test_financeur_id_is_cpf" time="0.108" /><testcase classname="backend.tests.test_blade_academy.TestGenererSessionsDepuisFacturesCPF" name="test_apprenant_linkage_via_dossier_cpf" time="0.082"><failure message="AssertionError: No facture in 2025-07 to test apprenant linkage&#10;assert None">backend/tests/test_blade_academy.py:467: in test_apprenant_linkage_via_dossier_cpf
    assert target, "No facture in 2025-07 to test apprenant linkage"
E   AssertionError: No facture in 2025-07 to test apprenant linkage
E   assert None</failure></testcase><testcase classname="backend.tests.test_dossiers.TestApiRoot" name="test_root" time="0.143" /><testcase classname="backend.tests.test_dossiers.TestRegression" name="test_existing_endpoints_still_work[sessions]" time="0.363" /><testcase classname="backend.tests.test_dossiers.TestRegression" name="test_existing_endpoints_still_work[apprenants]" time="0.042" /><testcase classname="backend.tests.test_dossiers.TestRegression" name="test_existing_endpoints_still_work[formateurs]" time="0.084" /><testcase classname="backend.tests.test_dossiers.TestRegression" name="test_existing_endpoints_still_work[entreprises]" time="0.042" /><testcase classname="backend.tests.test_dossiers.TestRegression" name="test_existing_endpoints_still_work[financeurs]" time="0.044" /><testcase classname="backend.tests.test_dossiers.TestRegression" name="test_existing_endpoints_still_work[lieux]" time="0.042" /><testcase classname="backend.tests.test_dossiers.TestDossierAuth" name="test_active_requires_auth" time="0.094" /><testcase classname="backend.tests.test_dossiers.TestDossierAuth" name="test_closed_requires_auth" time="0.098" /><testcase classname="backend.tests.test_dossiers.TestDossierAuth" name="test_create_requires_auth" time="0.095" /><testcase classname="backend.tests.test_dossiers.TestDossierCreate" name="test_create_minimal" time="0.087" /><testcase classname="backend.tests.test_dossiers.TestDossierCreate" name="test_create_with_formateur" time="0.169" /><testcase classname="backend.tests.test_dossiers.TestDossierCreate" name="test_create_invalid_financeur_type" time="0.043" /><testcase classname="backend.tests.test_dossiers.TestDossierCreate" name="test_create_missing_required" time="0.043" /><testcase classname="backend.tests.test_dossiers.TestDossierWorkflow" name="test_full_workflow" time="0.568" /><testcase classname="backend.tests.test_dossiers.TestDossierWorkflow" name="test_invalid_status_value" time="0.133" /><testcase classname="backend.tests.test_dossiers.TestDossierWorkflow" name="test_status_404" time="0.044" /><testcase classname="backend.tests.test_dossiers.TestDossierUpdate" name="test_partial_update" time="0.211" /><testcase classname="backend.tests.test_dossiers.TestClosedSearch" name="test_search_by_nom" time="0.259" /><testcase classname="backend.tests.test_dossiers.TestClosedSearch" name="test_search_case_insensitive" time="0.085" /><testcase classname="backend.tests.test_dossiers.TestClosedSearch" name="test_search_by_financeur_nom" time="0.045" /><testcase classname="backend.tests.test_dossiers.TestClosedSearch" name="test_search_by_formation" time="0.045" /><testcase classname="backend.tests.test_dossiers.TestClosedSearch" name="test_search_no_match" time="0.126" /><testcase classname="backend.tests.test_dossiers.TestDocuments" name="test_upload_list_download_delete" time="0.390" /><testcase classname="backend.tests.test_dossiers.TestDocuments" name="test_upload_invalid_type" time="0.131" /><testcase classname="backend.tests.test_dossiers.TestDocuments" name="test_delete_dossier_cascades_documents" time="0.220" /><testcase classname="backend.tests.test_dossiers_ext.TestAuthGuard" name="test_export_requires_auth" time="0.102" /><testcase classname="backend.tests.test_dossiers_ext.TestAuthGuard" name="test_pdf_requires_auth" time="0.097" /><testcase classname="backend.tests.test_dossiers_ext.TestAuthGuard" name="test_extract_requires_auth" time="0.095" /><testcase classname="backend.tests.test_dossiers_ext.TestAuthGuard" name="test_extract_and_fill_requires_auth" time="0.110" /><testcase classname="backend.tests.test_dossiers_ext.TestExportEdof" name="test_export_xlsx_all" time="0.366" /><testcase classname="backend.tests.test_dossiers_ext.TestExportEdof" name="test_export_csv_has_bom_and_semicolon" time="0.045" /><testcase classname="backend.tests.test_dossiers_ext.TestExportEdof" name="test_export_scope_active_excludes_regle" time="0.163" /><testcase classname="backend.tests.test_dossiers_ext.TestExportEdof" name="test_invalid_format_422" time="0.084" /><testcase classname="backend.tests.test_dossiers_ext.TestExportEdof" name="test_invalid_scope_422" time="0.083" /><testcase classname="backend.tests.test_dossiers_ext.TestDossierPdf" name="test_pdf_404_unknown" time="0.044" /><testcase classname="backend.tests.test_dossiers_ext.TestDossierPdf" name="test_pdf_valid_for_existing" time="0.194" /><testcase classname="backend.tests.test_dossiers_ext.TestExtractPdf" name="test_extract_pdf_success" time="1.643" /><testcase classname="backend.tests.test_dossiers_ext.TestExtractPdf" name="test_extract_pdf_too_big" time="0.445" /><testcase classname="backend.tests.test_dossiers_ext.TestExtractPdf" name="test_extract_pdf_invalid_format" time="0.043" /><testcase classname="backend.tests.test_dossiers_ext.TestExtractPdf" name="test_extract_and_fill_404" time="0.042" /><testcase classname="backend.tests.test_dossiers_ext.TestExtractPdf" name="test_extract_and_fill_applies_only_empty_fields" time="1.072" /><testcase classname="backend.tests.test_dossiers_ext.TestRegression" name="test_active_dossiers" time="0.043" /><testcase classname="backend.tests.test_dossiers_ext.TestRegression" name="test_sessions" time="0.040" /><testcase classname="backend.tests.test_dossiers_ext.TestRegression" name="test_formateurs" time="0.042" /><testcase classname="backend.tests.test_dossiers_ext.TestRegression" name="test_clear_endpoint_still_exists" time="0.047" /><testcase classname="backend.tests.test_dossiers_ext.TestRegression" name="test_import_edof_endpoint_exists" time="0.163" /><testcase classname="backend.tests.test_edof_clear.TestSeededFormateurs" name="test_three_required_formateurs_present" time="0.395" /><testcase classname="backend.tests.test_edof_clear.TestAdminAuthRequired" name="test_clear_requires_auth" time="0.089" /><testcase classname="backend.tests.test_edof_clear.TestAdminAuthRequired" name="test_import_requires_auth" time="0.098" /><testcase classname="backend.tests.test_edof_clear.TestClearScopes" name="test_clear_all_then_import_then_scope_active" time="0.868" /><testcase classname="backend.tests.test_edof_clear.TestImportValidation" name="test_invalid_default_formateur" time="0.042" /><testcase classname="backend.tests.test_edof_clear.TestImportValidation" name="test_file_too_large" time="0.576" /><testcase classname="backend.tests.test_edof_clear.TestImportValidation" name="test_missing_nom_prenom_columns" time="0.041" /><testcase classname="backend.tests.test_edof_clear.TestImportValidation" name="test_rows_without_nom_or_prenom_skipped" time="0.128" /><testcase classname="backend.tests.test_edof_clear.TestImportXlsx" name="test_import_xlsx" time="0.298" /></testsuite></testsuites>