<?xml version="1.0" encoding="utf-8"?><testsuites name="pytest tests"><testsuite name="pytest" errors="0" failures="0" skipped="0" tests="12" time="3.204" timestamp="2026-06-15T13:42:06.831941+00:00" hostname="agent-env-892d4eb2-ac44-4367-a80f-1a52e992e6d7"><testcase classname="backend.tests.test_library_auto_attach.TestNormalizer" name="test_canonical_variants_match" time="0.000" /><testcase classname="backend.tests.test_library_auto_attach.TestNormalizer" name="test_non_invoice_filenames_return_none" time="0.000" /><testcase classname="backend.tests.test_library_auto_attach.TestNormalizer" name="test_too_few_digits" time="0.000" /><testcase classname="backend.tests.test_library_auto_attach.TestNormalizer" name="test_with_extension_stripped" time="0.000" /><testcase classname="backend.tests.test_library_auto_attach.TestUploadAutoAttach" name="test_upload_auto_attaches_when_facture_matches" time="0.823" /><testcase classname="backend.tests.test_library_auto_attach.TestUploadAutoAttach" name="test_upload_variant_filename_normalizes" time="0.197" /><testcase classname="backend.tests.test_library_auto_attach.TestUploadAutoAttach" name="test_upload_unparseable_filename_no_attach" time="0.158" /><testcase classname="backend.tests.test_library_auto_attach.TestBulkAutoAttach" name="test_bulk_report_structure" time="0.830" /><testcase classname="backend.tests.test_library_auto_attach.TestApprenantDocumentsMerge" name="test_library_docs_appear_in_apprenant_documents" time="0.267" /><testcase classname="backend.tests.test_library_auto_attach.TestLibraryListing" name="test_attached_doc_has_apprenant_field" time="0.245" /><testcase classname="backend.tests.test_library_auto_attach.TestLibraryListing" name="test_unattached_scope_excludes_apprenant_attached" time="0.044" /><testcase classname="backend.tests.test_library_auto_attach.TestDetachApprenant" name="test_detach_clears_apprenant_id" time="0.280" /></testsuite></testsuites>