<?xml version="1.0" encoding="utf-8"?><testsuites name="pytest tests"><testsuite name="pytest" errors="0" failures="0" skipped="0" tests="36" time="7.589" timestamp="2026-06-11T16:24:19.007245+00:00" hostname="agent-env-e098985e-9c26-40f5-98d6-908f2afb69b4"><testcase classname="backend.tests.test_blade_academy.TestAuth" name="test_login_success" time="0.370" /><testcase classname="backend.tests.test_blade_academy.TestAuth" name="test_login_invalid" time="0.356" /><testcase classname="backend.tests.test_blade_academy.TestAuth" name="test_me" time="0.373" /><testcase classname="backend.tests.test_blade_academy.TestAuth" name="test_me_unauth" time="0.114" /><testcase classname="backend.tests.test_blade_academy" name="test_crud_full_cycle[apprenants-payload0]" time="0.291" /><testcase classname="backend.tests.test_blade_academy" name="test_crud_full_cycle[formateurs-payload1]" time="0.326" /><testcase classname="backend.tests.test_blade_academy" name="test_crud_full_cycle[entreprises-payload2]" time="0.352" /><testcase classname="backend.tests.test_blade_academy" name="test_crud_full_cycle[financeurs-payload3]" time="0.310" /><testcase classname="backend.tests.test_blade_academy" name="test_crud_full_cycle[lieux-payload4]" time="0.364" /><testcase classname="backend.tests.test_blade_academy.TestSessions" name="test_sessions_crud_and_status" time="0.223" /><testcase classname="backend.tests.test_blade_academy.TestDashboard" name="test_stats" time="0.090" /><testcase classname="backend.tests.test_blade_academy.TestFacturesCPF" name="test_list" time="0.073" /><testcase classname="backend.tests.test_blade_academy.TestFacturesCPF" name="test_stats" time="0.047" /><testcase classname="backend.tests.test_blade_academy.TestEdofGroupement" name="test_preview_mapping" time="0.054" /><testcase classname="backend.tests.test_blade_academy.TestEdofGroupement" name="test_commit_groupement_mois" time="0.572" /><testcase classname="backend.tests.test_blade_academy.TestEdofGroupement" name="test_commit_groupement_exact" time="0.581" /><testcase classname="backend.tests.test_blade_academy" name="test_pdf_generation[convention]" time="0.121" /><testcase classname="backend.tests.test_blade_academy" name="test_pdf_generation[contrat]" time="0.052" /><testcase classname="backend.tests.test_blade_academy" name="test_pdf_generation[convocation]" time="0.050" /><testcase classname="backend.tests.test_blade_academy" name="test_pdf_generation[attestation]" time="0.047" /><testcase classname="backend.tests.test_blade_academy" name="test_pdf_generation[facture]" time="0.050" /><testcase classname="backend.tests.test_blade_academy" name="test_pdf_generation[emargement]" time="0.049" /><testcase classname="backend.tests.test_blade_academy" name="test_pdf_generation[programme]" time="0.087" /><testcase classname="backend.tests.test_blade_academy" name="test_pdf_generation[evaluation]" time="0.086" /><testcase classname="backend.tests.test_blade_academy.TestClasserAndDocs" name="test_classer_and_apprenant_docs" time="0.608" /><testcase classname="backend.tests.test_blade_academy.TestClasserAndDocs" name="test_upload_apprenant_doc" time="0.368" /><testcase classname="backend.tests.test_blade_academy.TestFusion" name="test_fusion_doublons" time="0.367" /><testcase classname="backend.tests.test_blade_academy.TestQualiteParametres" name="test_doublons_endpoint" time="0.049" /><testcase classname="backend.tests.test_blade_academy.TestQualiteParametres" name="test_parametres_organisme" time="0.170" /><testcase classname="backend.tests.test_blade_academy.TestQualiteParametres" name="test_purge_demo_idempotent" time="0.045" /><testcase classname="backend.tests.test_blade_academy.TestCpfReImport" name="test_reimport_no_new_creates" time="0.111" /><testcase classname="backend.tests.test_blade_academy.TestGenererSessionsDepuisFacturesCPF" name="test_endpoint_exists_and_creates_or_updates_sessions" time="0.071" /><testcase classname="backend.tests.test_blade_academy.TestGenererSessionsDepuisFacturesCPF" name="test_idempotent_second_run" time="0.053" /><testcase classname="backend.tests.test_blade_academy.TestGenererSessionsDepuisFacturesCPF" name="test_sessions_persisted_with_correct_attributes" time="0.057" /><testcase classname="backend.tests.test_blade_academy.TestGenererSessionsDepuisFacturesCPF" name="test_financeur_id_is_cpf" time="0.138" /><testcase classname="backend.tests.test_blade_academy.TestGenererSessionsDepuisFacturesCPF" name="test_apprenant_linkage_via_dossier_cpf" time="0.388" /></testsuite></testsuites>