<?xml version="1.0" encoding="utf-8"?><testsuites name="pytest tests"><testsuite name="pytest" errors="0" failures="0" skipped="0" tests="12" time="3.270" timestamp="2026-06-13T15:23:26.433614+00:00" hostname="agent-env-892d4eb2-ac44-4367-a80f-1a52e992e6d7"><testcase classname="backend.tests.test_crm_api" name="test_health_root" time="0.253" /><testcase classname="backend.tests.test_crm_api" name="test_formateur_crud_full" time="0.448" /><testcase classname="backend.tests.test_crm_api" name="test_formateur_required_fields" time="0.081" /><testcase classname="backend.tests.test_crm_api" name="test_stagiaire_create_with_formateur_link" time="0.164" /><testcase classname="backend.tests.test_crm_api" name="test_stagiaire_required_fields" time="0.052" /><testcase classname="backend.tests.test_crm_api" name="test_kanban_workflow_full" time="0.408" /><testcase classname="backend.tests.test_crm_api" name="test_invalid_status_rejected" time="0.086" /><testcase classname="backend.tests.test_crm_api" name="test_closed_search" time="0.303" /><testcase classname="backend.tests.test_crm_api" name="test_formateur_delete_detaches_stagiaires" time="0.215" /><testcase classname="backend.tests.test_crm_api" name="test_documents_lifecycle" time="0.373" /><testcase classname="backend.tests.test_crm_api" name="test_stagiaire_delete_cascades_documents" time="0.216" /><testcase classname="backend.tests.test_crm_api" name="test_stats_shape" time="0.442" /></testsuite></testsuites>